2019-10-20 15:52:14.393  INFO 23332 --- [main] l.m.community.CommunityApplication       : Starting CommunityApplication on DESKTOP-EBLRJH5 with PID 23332 (D:\acm\community\target\classes started by 杨旻谛 in D:\acm\community)
2019-10-20 15:52:14.397  INFO 23332 --- [main] l.m.community.CommunityApplication       : No active profile set, falling back to default profiles: default
2019-10-20 15:52:15.549  INFO 23332 --- [main] o.s.b.w.embedded.tomcat.TomcatWebServer  : Tomcat initialized with port(s): 8887 (http)
2019-10-20 15:52:15.569  INFO 23332 --- [main] o.apache.catalina.core.StandardService   : Starting service [Tomcat]
2019-10-20 15:52:15.570  INFO 23332 --- [main] org.apache.catalina.core.StandardEngine  : Starting Servlet engine: [Apache Tomcat/9.0.24]
2019-10-20 15:52:15.688  INFO 23332 --- [main] o.a.c.c.C.[Tomcat].[localhost].[/]       : Initializing Spring embedded WebApplicationContext
2019-10-20 15:52:15.688  INFO 23332 --- [main] o.s.web.context.ContextLoader            : Root WebApplicationContext: initialization completed in 1244 ms
2019-10-20 15:52:16.154  INFO 23332 --- [main] o.s.s.concurrent.ThreadPoolTaskExecutor  : Initializing ExecutorService 'applicationTaskExecutor'
2019-10-20 15:52:16.271  INFO 23332 --- [main] o.s.b.a.w.s.WelcomePageHandlerMapping    : Adding welcome page template: index
2019-10-20 15:52:16.469  INFO 23332 --- [main] o.s.b.w.embedded.tomcat.TomcatWebServer  : Tomcat started on port(s): 8887 (http) with context path ''
2019-10-20 15:52:16.471  INFO 23332 --- [main] l.m.community.CommunityApplication       : Started CommunityApplication in 2.534 seconds (JVM running for 3.555)
2019-10-20 15:52:21.505  INFO 23332 --- [http-nio-8887-exec-1] o.a.c.c.C.[Tomcat].[localhost].[/]       : Initializing Spring DispatcherServlet 'dispatcherServlet'
2019-10-20 15:52:21.506  INFO 23332 --- [http-nio-8887-exec-1] o.s.web.servlet.DispatcherServlet        : Initializing Servlet 'dispatcherServlet'
2019-10-20 15:52:21.512  INFO 23332 --- [http-nio-8887-exec-1] o.s.web.servlet.DispatcherServlet        : Completed initialization in 6 ms
2019-10-20 15:52:21.567  INFO 23332 --- [http-nio-8887-exec-1] com.zaxxer.hikari.HikariDataSource       : HikariPool-1 - Starting...
2019-10-20 15:52:21.695  INFO 23332 --- [http-nio-8887-exec-1] com.zaxxer.hikari.HikariDataSource       : HikariPool-1 - Start completed.
2019-10-20 15:52:21.703 DEBUG 23332 --- [http-nio-8887-exec-1] l.m.c.mapper.UserMapper.selectByExample  : ==>  Preparing: select ID, ACCOUNT_ID, NAME, TOKEN, GMT_CREATE, GMT_MODIFIED, AVATAR_URL from USER WHERE ( TOKEN = ? ) 
2019-10-20 15:52:21.727 DEBUG 23332 --- [http-nio-8887-exec-1] l.m.c.mapper.UserMapper.selectByExample  : ==> Parameters: dd1ff410-6e0c-4f67-921d-cfb4f1371f63(String)
2019-10-20 15:52:21.739 DEBUG 23332 --- [http-nio-8887-exec-1] l.m.c.mapper.UserMapper.selectByExample  : <==      Total: 1
2019-10-20 15:52:21.751 DEBUG 23332 --- [http-nio-8887-exec-1] l.m.c.m.N.countByExample                 : ==>  Preparing: select count(*) from NOTIFICATION WHERE ( RECEIVER = ? and STATUS = ? ) 
2019-10-20 15:52:21.752 DEBUG 23332 --- [http-nio-8887-exec-1] l.m.c.m.N.countByExample                 : ==> Parameters: 1(Long), 0(Integer)
2019-10-20 15:52:21.757 DEBUG 23332 --- [http-nio-8887-exec-1] l.m.c.m.N.countByExample                 : <==      Total: 1
2019-10-20 15:52:21.769 DEBUG 23332 --- [http-nio-8887-exec-1] l.m.c.m.Q.selectByPrimaryKey             : ==>  Preparing: select ID, TITLE, GMT_CREATE, GMT_MODIFIED, CREATOR, COMMENT_COUNT, VIEW_COUNT, LIKE_COUNT, TAG , DESCRIPTION from QUESTION where ID = ? 
2019-10-20 15:52:21.770 DEBUG 23332 --- [http-nio-8887-exec-1] l.m.c.m.Q.selectByPrimaryKey             : ==> Parameters: 66(Long)
2019-10-20 15:52:21.774 DEBUG 23332 --- [http-nio-8887-exec-1] l.m.c.m.Q.selectByPrimaryKey             : <==      Total: 1
2019-10-20 15:52:21.780 DEBUG 23332 --- [http-nio-8887-exec-1] l.m.c.m.UserMapper.selectByPrimaryKey    : ==>  Preparing: select ID, ACCOUNT_ID, NAME, TOKEN, GMT_CREATE, GMT_MODIFIED, AVATAR_URL from USER where ID = ? 
2019-10-20 15:52:21.781 DEBUG 23332 --- [http-nio-8887-exec-1] l.m.c.m.UserMapper.selectByPrimaryKey    : ==> Parameters: 1(Long)
2019-10-20 15:52:21.781 DEBUG 23332 --- [http-nio-8887-exec-1] l.m.c.m.UserMapper.selectByPrimaryKey    : <==      Total: 1
2019-10-20 15:52:21.784 DEBUG 23332 --- [http-nio-8887-exec-1] l.m.c.m.QuestionExtMapper.selectRelated  : ==>  Preparing: select * from QUESTION where id != ? and tag regexp ? 
2019-10-20 15:52:21.786 DEBUG 23332 --- [http-nio-8887-exec-1] l.m.c.m.QuestionExtMapper.selectRelated  : ==> Parameters: 66(Long), mongodb|redis|php(String)
2019-10-20 15:52:21.788 DEBUG 23332 --- [http-nio-8887-exec-1] l.m.c.m.QuestionExtMapper.selectRelated  : <==      Total: 2
2019-10-20 15:52:21.796 DEBUG 23332 --- [http-nio-8887-exec-1] l.m.c.m.CommentMapper.selectByExample    : ==>  Preparing: select ID, PARENT_ID, TYPE, COMMENTATOR, GMT_CREATE, GMT_MODIFIED, LIKE_COUNT, CONTENT, COMMENT_COUNT from COMMENT WHERE ( PARENT_ID = ? and TYPE = ? ) order by gmt_create desc 
2019-10-20 15:52:21.798 DEBUG 23332 --- [http-nio-8887-exec-1] l.m.c.m.CommentMapper.selectByExample    : ==> Parameters: 66(Long), 1(Integer)
2019-10-20 15:52:21.800 DEBUG 23332 --- [http-nio-8887-exec-1] l.m.c.m.CommentMapper.selectByExample    : <==      Total: 2
2019-10-20 15:52:21.801 DEBUG 23332 --- [http-nio-8887-exec-1] l.m.c.mapper.UserMapper.selectByExample  : ==>  Preparing: select ID, ACCOUNT_ID, NAME, TOKEN, GMT_CREATE, GMT_MODIFIED, AVATAR_URL from USER WHERE ( ID in ( ? ) ) 
2019-10-20 15:52:21.803 DEBUG 23332 --- [http-nio-8887-exec-1] l.m.c.mapper.UserMapper.selectByExample  : ==> Parameters: 1(Long)
2019-10-20 15:52:21.804 DEBUG 23332 --- [http-nio-8887-exec-1] l.m.c.mapper.UserMapper.selectByExample  : <==      Total: 1
2019-10-20 15:52:21.810 DEBUG 23332 --- [http-nio-8887-exec-1] l.m.c.mapper.QuestionExtMapper.incView   : ==>  Preparing: update QUESTION set VIEW_COUNT = VIEW_COUNT + ? where id = ? 
2019-10-20 15:52:21.812 DEBUG 23332 --- [http-nio-8887-exec-1] l.m.c.mapper.QuestionExtMapper.incView   : ==> Parameters: 1(Integer), 66(Long)
2019-10-20 15:52:21.816 DEBUG 23332 --- [http-nio-8887-exec-1] l.m.c.mapper.QuestionExtMapper.incView   : <==    Updates: 1
2019-10-20 15:52:22.147 DEBUG 23332 --- [http-nio-8887-exec-3] l.m.c.mapper.UserMapper.selectByExample  : ==>  Preparing: select ID, ACCOUNT_ID, NAME, TOKEN, GMT_CREATE, GMT_MODIFIED, AVATAR_URL from USER WHERE ( TOKEN = ? ) 
2019-10-20 15:52:22.147 DEBUG 23332 --- [http-nio-8887-exec-2] l.m.c.mapper.UserMapper.selectByExample  : ==>  Preparing: select ID, ACCOUNT_ID, NAME, TOKEN, GMT_CREATE, GMT_MODIFIED, AVATAR_URL from USER WHERE ( TOKEN = ? ) 
2019-10-20 15:52:22.149 DEBUG 23332 --- [http-nio-8887-exec-2] l.m.c.mapper.UserMapper.selectByExample  : ==> Parameters: dd1ff410-6e0c-4f67-921d-cfb4f1371f63(String)
2019-10-20 15:52:22.149 DEBUG 23332 --- [http-nio-8887-exec-3] l.m.c.mapper.UserMapper.selectByExample  : ==> Parameters: dd1ff410-6e0c-4f67-921d-cfb4f1371f63(String)
2019-10-20 15:52:22.150 DEBUG 23332 --- [http-nio-8887-exec-2] l.m.c.mapper.UserMapper.selectByExample  : <==      Total: 1
2019-10-20 15:52:22.150 DEBUG 23332 --- [http-nio-8887-exec-3] l.m.c.mapper.UserMapper.selectByExample  : <==      Total: 1
2019-10-20 15:52:22.152 DEBUG 23332 --- [http-nio-8887-exec-3] l.m.c.m.N.countByExample                 : ==>  Preparing: select count(*) from NOTIFICATION WHERE ( RECEIVER = ? and STATUS = ? ) 
2019-10-20 15:52:22.152 DEBUG 23332 --- [http-nio-8887-exec-2] l.m.c.m.N.countByExample                 : ==>  Preparing: select count(*) from NOTIFICATION WHERE ( RECEIVER = ? and STATUS = ? ) 
2019-10-20 15:52:22.153 DEBUG 23332 --- [http-nio-8887-exec-3] l.m.c.m.N.countByExample                 : ==> Parameters: 1(Long), 0(Integer)
2019-10-20 15:52:22.154 DEBUG 23332 --- [http-nio-8887-exec-2] l.m.c.m.N.countByExample                 : ==> Parameters: 1(Long), 0(Integer)
2019-10-20 15:52:22.154 DEBUG 23332 --- [http-nio-8887-exec-3] l.m.c.m.N.countByExample                 : <==      Total: 1
2019-10-20 15:52:22.154 DEBUG 23332 --- [http-nio-8887-exec-2] l.m.c.m.N.countByExample                 : <==      Total: 1
